<?xml version="1.0" encoding="UTF-8"?>
<testsuite name="hello.ApplicationTests" time="1.277" tests="7" errors="0" skipped="0" failures="0">
  <properties>
[...]
</properties>
  <testcase name="shouldQueryEntity" classname="hello.ApplicationTests" time="0.673"/>
  <testcase name="shouldCreateEntity" classname="hello.ApplicationTests" time="0.115"/>
  <testcase name="shouldUpdateEntity" classname="hello.ApplicationTests" time="0.19"/>
  <testcase name="shouldRetrieveEntity" classname="hello.ApplicationTests" time="0.066"/>
  <testcase name="shouldDeleteEntity" classname="hello.ApplicationTests" time="0.146"/>
  <testcase name="shouldReturnRepositoryIndex" classname="hello.ApplicationTests" time="0.016"/>
  <testcase name="shouldPartiallyUpdateEntity" classname="hello.ApplicationTests" time="0.071"/>
</testsuite>